This file contains any messages produced by compilers while
running configure, to aid debugging if configure makes a mistake.

It was created by configure, which was
generated by GNU Autoconf 2.71.  Invocation command line was

  $ ./configure --with-zlib-dir=/usr/local/Cellar/zlib/1.2.11/

## --------- ##
## Platform. ##
## --------- ##

hostname = fujimotoyuuseinoMacBook-Pro.local
uname -m = x86_64
uname -r = 22.3.0
uname -s = Darwin
uname -v = Darwin Kernel Version 22.3.0: Mon Jan 30 20:39:35 PST 2023; root:xnu-8792.81.3~2/RELEASE_ARM64_T8103

/usr/bin/uname -p = i386
/bin/uname -X     = unknown

/bin/arch              = unknown
/usr/bin/arch -k       = unknown
/usr/convex/getsysinfo = unknown
/usr/bin/hostinfo      = Mach kernel version:
	 Darwin Kernel Version 22.3.0: Mon Jan 30 20:39:35 PST 2023; root:xnu-8792.81.3~2/RELEASE_ARM64_T8103
Kernel configured for up to 8 processors.
8 processors are physically available.
8 processors are logically available.
Processor type: i486 (Intel 80486)
Processors active: 0 1 2 3 4 5 6 7
Primary memory available: 16.00 gigabytes
Default processor set: 651 tasks, 4085 threads, 8 processors
Load average: 2.27, Mach factor: 5.78
/bin/machine           = unknown
/usr/bin/oslevel       = unknown
/bin/universe          = unknown

PATH: /Users/fujimotoyuki/.rbenv/shims/
PATH: /Users/fujimotoyuki/.rbenv/shims/
PATH: /Users/fujimotoyuki/.rbenv/shims/
PATH: /Users/fujimotoyuki/.nodebrew/current/bin/
PATH: /Users/fujimotoyuki/.yarn/bin/
PATH: /Users/fujimotoyuki/.config/yarn/global/node_modules/.bin/
PATH: /Users/fujimotoyuki/.nodenv/shims/
PATH: /Users/fujimotoyuki/.nvm/versions/node/v15.10.0/bin/
PATH: /Library/Frameworks/Python.framework/Versions/3.11/bin/
PATH: /opt/homebrew/bin/
PATH: /opt/homebrew/sbin/
PATH: /usr/local/bin/
PATH: /System/Cryptexes/App/usr/bin/
PATH: /usr/bin/
PATH: /bin/
PATH: /usr/sbin/
PATH: /sbin/
PATH: /Users/fujimotoyuki/.rbenv/shims/
PATH: /Users/fujimotoyuki/.nodebrew/current/bin/
PATH: /Users/fujimotoyuki/.yarn/bin/
PATH: /Users/fujimotoyuki/.config/yarn/global/node_modules/.bin/
PATH: /Users/fujimotoyuki/.nodenv/shims/
PATH: /Users/fujimotoyuki/.nvm/versions/node/v15.10.0/bin/
PATH: /Library/Frameworks/Python.framework/Versions/3.11/bin/
PATH: /opt/homebrew/bin/
PATH: /opt/homebrew/sbin/
PATH: /opt/homebrew/bin/
PATH: /Users/fujimotoyuki/.composer/vendor/bin/
PATH: /opt/homebrew/bin/
PATH: /Users/fujimotoyuki/.composer/vendor/bin/


## ----------- ##
## Core tests. ##
## ----------- ##

configure:2504: looking for aux files: config.guess config.sub
configure:2517:  trying ./build/
configure:2546:   ./build/config.guess found
configure:2546:   ./build/config.sub found
configure:2663: checking for grep that handles long lines and -e
configure:2727: result: /usr/bin/grep
configure:2732: checking for egrep
configure:2800: result: /usr/bin/grep -E
configure:2805: checking for a sed that does not truncate output
configure:2875: result: /usr/bin/sed
configure:3019: checking for pkg-config
configure:3042: found /opt/homebrew/bin/pkg-config
configure:3054: result: /opt/homebrew/bin/pkg-config
configure:3079: checking pkg-config is at least version 0.9.0
configure:3082: result: yes
configure:3158: checking for cc
configure:3179: found /usr/bin/cc
configure:3190: result: cc
configure:3221: checking for C compiler version
configure:3230: cc --version >&5
xcrun: error: invalid active developer path (/Library/Developer/CommandLineTools), missing xcrun at: /Library/Developer/CommandLineTools/usr/bin/xcrun
configure:3241: $? = 1
configure:3230: cc -v >&5
xcrun: error: invalid active developer path (/Library/Developer/CommandLineTools), missing xcrun at: /Library/Developer/CommandLineTools/usr/bin/xcrun
configure:3241: $? = 1
configure:3230: cc -V >&5
xcrun: error: invalid active developer path (/Library/Developer/CommandLineTools), missing xcrun at: /Library/Developer/CommandLineTools/usr/bin/xcrun
configure:3241: $? = 1
configure:3230: cc -qversion >&5
xcrun: error: invalid active developer path (/Library/Developer/CommandLineTools), missing xcrun at: /Library/Developer/CommandLineTools/usr/bin/xcrun
configure:3241: $? = 1
configure:3230: cc -version >&5
xcrun: error: invalid active developer path (/Library/Developer/CommandLineTools), missing xcrun at: /Library/Developer/CommandLineTools/usr/bin/xcrun
configure:3241: $? = 1
configure:3261: checking whether the C compiler works
configure:3283: cc    conftest.c  >&5
xcrun: error: invalid active developer path (/Library/Developer/CommandLineTools), missing xcrun at: /Library/Developer/CommandLineTools/usr/bin/xcrun
configure:3287: $? = 1
configure:3327: result: no
configure: failed program was:
| /* confdefs.h */
| #define PACKAGE_NAME ""
| #define PACKAGE_TARNAME ""
| #define PACKAGE_VERSION ""
| #define PACKAGE_STRING ""
| #define PACKAGE_BUGREPORT ""
| #define PACKAGE_URL ""
| /* end confdefs.h.  */
| 
| int
| main (void)
| {
| 
|   ;
|   return 0;
| }
configure:3332: error: in `/Users/fujimotoyuki/Desktop/Project/laravel-study/memcached':
configure:3334: error: C compiler cannot create executables
See `config.log' for more details

## ---------------- ##
## Cache variables. ##
## ---------------- ##

ac_cv_env_CC_set=
ac_cv_env_CC_value=
ac_cv_env_CFLAGS_set=
ac_cv_env_CFLAGS_value=
ac_cv_env_CPPFLAGS_set=
ac_cv_env_CPPFLAGS_value=
ac_cv_env_CPP_set=
ac_cv_env_CPP_value=
ac_cv_env_LDFLAGS_set=
ac_cv_env_LDFLAGS_value=
ac_cv_env_LIBS_set=
ac_cv_env_LIBS_value=
ac_cv_env_PKG_CONFIG_LIBDIR_set=
ac_cv_env_PKG_CONFIG_LIBDIR_value=
ac_cv_env_PKG_CONFIG_PATH_set=
ac_cv_env_PKG_CONFIG_PATH_value=
ac_cv_env_PKG_CONFIG_set=
ac_cv_env_PKG_CONFIG_value=
ac_cv_env_build_alias_set=
ac_cv_env_build_alias_value=
ac_cv_env_host_alias_set=
ac_cv_env_host_alias_value=
ac_cv_env_target_alias_set=
ac_cv_env_target_alias_value=
ac_cv_path_EGREP='/usr/bin/grep -E'
ac_cv_path_GREP=/usr/bin/grep
ac_cv_path_SED=/usr/bin/sed
ac_cv_path_ac_pt_PKG_CONFIG=/opt/homebrew/bin/pkg-config
ac_cv_prog_ac_ct_CC=cc

## ----------------- ##
## Output variables. ##
## ----------------- ##

AR=''
AWK=''
BUILD_CC=''
CC='cc'
CFLAGS=''
CONFIGURE_COMMAND=' '\''./configure'\''  '\''--with-zlib-dir=/usr/local/Cellar/zlib/1.2.11/'\'''
CONFIGURE_OPTIONS=' '\''--with-zlib-dir=/usr/local/Cellar/zlib/1.2.11/'\'''
CPP=''
CPPFLAGS=''
DEFS=''
DSYMUTIL=''
ECHO='/bin/echo'
ECHO_C='\c'
ECHO_N=''
ECHO_T=''
EGREP='/usr/bin/grep -E'
EXEEXT=''
GREP='/usr/bin/grep'
LDFLAGS=''
LIBOBJS=''
LIBS=''
LIBTOOL=''
LN_S=''
LTLIBOBJS=''
NMEDIT=''
OBJEXT=''
PACKAGE_BUGREPORT=''
PACKAGE_NAME=''
PACKAGE_STRING=''
PACKAGE_TARNAME=''
PACKAGE_URL=''
PACKAGE_VERSION=''
PATH_SEPARATOR=':'
PKG_CONFIG='/opt/homebrew/bin/pkg-config'
PKG_CONFIG_LIBDIR=''
PKG_CONFIG_PATH=''
RANLIB=''
SED='/usr/bin/sed'
SHELL='/bin/sh'
SHLIB_DL_SUFFIX_NAME=''
SHLIB_SUFFIX_NAME=''
STRIP=''
ac_ct_CC='cc'
bindir='${exec_prefix}/bin'
build=''
build_alias=''
build_cpu=''
build_os=''
build_vendor=''
datadir='${datarootdir}'
datarootdir='${prefix}/share'
docdir='${datarootdir}/doc/${PACKAGE}'
dvidir='${docdir}'
exec_prefix='NONE'
host=''
host_alias=''
host_cpu=''
host_os=''
host_vendor=''
htmldir='${docdir}'
includedir='${prefix}/include'
infodir='${datarootdir}/info'
libdir='${exec_prefix}/lib'
libexecdir='${exec_prefix}/libexec'
localedir='${datarootdir}/locale'
localstatedir='${prefix}/var'
mandir='${datarootdir}/man'
oldincludedir='/usr/include'
pdfdir='${docdir}'
prefix='NONE'
program_transform_name='s,x,x,'
psdir='${docdir}'
runstatedir='${localstatedir}/run'
sbindir='${exec_prefix}/sbin'
sharedstatedir='${prefix}/com'
sysconfdir='${prefix}/etc'
target=''
target_alias=''
target_cpu=''
target_os=''
target_vendor=''

## ----------- ##
## confdefs.h. ##
## ----------- ##

/* confdefs.h */
#define PACKAGE_NAME ""
#define PACKAGE_TARNAME ""
#define PACKAGE_VERSION ""
#define PACKAGE_STRING ""
#define PACKAGE_BUGREPORT ""
#define PACKAGE_URL ""

configure: exit 77
